<?xml version="1.0" encoding="UTF-8"?>
<!-- Generated by org.testng.reporters.JUnitReportReporter -->
<testsuite hostname="Saloni-PC" name="mavendemo.testDemo2" tests="1" failures="0" timestamp="27 Aug 2019 09:34:09 GMT" time="8.133" errors="0">
  <testcase name="test" time="8.133" classname="mavendemo.testDemo2"/>
</testsuite> <!-- mavendemo.testDemo2 -->
