<?xml version="1.0" encoding="UTF-8"?>
<!-- Generated by org.testng.reporters.JUnitReportReporter -->
<testsuite hostname="Saloni-PC" name="mavendemo.TestDemo" tests="1" failures="0" timestamp="27 Aug 2019 09:52:30 GMT" time="6.922" errors="0">
  <testcase name="testOne" time="6.922" classname="mavendemo.TestDemo"/>
</testsuite> <!-- mavendemo.TestDemo -->
