<?xml version="1.0" encoding="UTF-8"?>
<!-- Generated by org.testng.reporters.JUnitReportReporter -->
<testsuite hostname="Saloni-PC" name="mavendemo.testDemo1" tests="1" failures="0" timestamp="27 Aug 2019 09:24:39 GMT" time="6.705" errors="0">
  <testcase name="test" time="6.705" classname="mavendemo.testDemo1"/>
</testsuite> <!-- mavendemo.testDemo1 -->
